Traceback (most recent call last):
  File "/usr/local/lib/python3.10/dist-packages/jupyter_cache/executors/utils.py", line 58, in single_nb_execution
    executenb(
  File "/usr/local/lib/python3.10/dist-packages/nbclient/client.py", line 1305, in execute
    return NotebookClient(nb=nb, resources=resources, km=km, **kwargs).execute()
  File "/usr/local/lib/python3.10/dist-packages/jupyter_core/utils/__init__.py", line 166, in wrapped
    return loop.run_until_complete(inner)
  File "/usr/lib/python3.10/asyncio/base_events.py", line 649, in run_until_complete
    return future.result()
  File "/usr/local/lib/python3.10/dist-packages/nbclient/client.py", line 705, in async_execute
    await self.async_execute_cell(
  File "/usr/local/lib/python3.10/dist-packages/nbclient/client.py", line 1058, in async_execute_cell
    await self._check_raise_for_error(cell, cell_index, exec_reply)
  File "/usr/local/lib/python3.10/dist-packages/nbclient/client.py", line 914, in _check_raise_for_error
    raise CellExecutionError.from_cell_and_msg(cell, exec_reply_content)
nbclient.exceptions.CellExecutionError: An error occurred while executing the following cell:
------------------
import os
import pandas as pd
from nltk.tokenize import RegexpTokenizer
from sklearn.feature_extraction.text import TfidfVectorizer
from sklearn.decomposition import TruncatedSVD

# Load Dataset
documents_list = []
with open( os.path.join("/content/Commentcapres2024.csv") ,"r") as fin:
    for line in fin.readlines():
        text = line.strip()
        documents_list.append(text)

------------------


[0;31m[0m
[0;31mFileNotFoundError[0mTraceback (most recent call last)
[0;32m<ipython-input-8-ca10f64b3c7b>[0m in [0;36m<cell line: 9>[0;34m()[0m
[1;32m      7[0m [0;31m# Load Dataset[0m[0;34m[0m[0;34m[0m[0m
[1;32m      8[0m [0mdocuments_list[0m [0;34m=[0m [0;34m[[0m[0;34m][0m[0;34m[0m[0;34m[0m[0m
[0;32m----> 9[0;31m [0;32mwith[0m [0mopen[0m[0;34m([0m [0mos[0m[0;34m.[0m[0mpath[0m[0;34m.[0m[0mjoin[0m[0;34m([0m[0;34m"/content/Commentcapres2024.csv"[0m[0;34m)[0m [0;34m,[0m[0;34m"r"[0m[0;34m)[0m [0;32mas[0m [0mfin[0m[0;34m:[0m[0;34m[0m[0;34m[0m[0m
[0m[1;32m     10[0m     [0;32mfor[0m [0mline[0m [0;32min[0m [0mfin[0m[0;34m.[0m[0mreadlines[0m[0;34m([0m[0;34m)[0m[0;34m:[0m[0;34m[0m[0;34m[0m[0m
[1;32m     11[0m         [0mtext[0m [0;34m=[0m [0mline[0m[0;34m.[0m[0mstrip[0m[0;34m([0m[0;34m)[0m[0;34m[0m[0;34m[0m[0m

[0;31mFileNotFoundError[0m: [Errno 2] No such file or directory: '/content/Commentcapres2024.csv'

